<?xml version="1.0" encoding="UTF-8"?>
<!-- Generated by org.testng.reporters.JUnitXMLReporter -->
<testsuite ignored="14" hostname="DESKTOP-6D90C8O" failures="0" tests="1" name="Default test" time="7.751" errors="0" timestamp="2025-04-30T21:51:50 GST">
  <testcase classname="MyTestCases" name="downloadfile" time="0.541"/>
  <testcase classname="MyTestCases" name="StaticDropdownExample" time="0.0">
    <ignored/>
  </testcase> <!-- StaticDropdownExample -->
  <testcase classname="MyTestCases" name="enabledisableexample" time="0.0">
    <ignored/>
  </testcase> <!-- enabledisableexample -->
  <testcase classname="MyTestCases" name="switchwindowexample" time="0.0">
    <ignored/>
  </testcase> <!-- switchwindowexample -->
  <testcase classname="MyTestCases" name="calendarexample" time="0.0">
    <ignored/>
  </testcase> <!-- calendarexample -->
  <testcase classname="MyTestCases" name="checkbpxexample" time="0.0">
    <ignored/>
  </testcase> <!-- checkbpxexample -->
  <testcase classname="MyTestCases" name="swetichtabexample" time="0.0">
    <ignored/>
  </testcase> <!-- swetichtabexample -->
  <testcase classname="MyTestCases" name="Alertandconfirm" time="0.0">
    <ignored/>
  </testcase> <!-- Alertandconfirm -->
  <testcase classname="MyTestCases" name="elementdisplay" time="0.0">
    <ignored/>
  </testcase> <!-- elementdisplay -->
  <testcase classname="MyTestCases" name="DynamicDropdownExample" time="0.0">
    <ignored/>
  </testcase> <!-- DynamicDropdownExample -->
  <testcase classname="MyTestCases" name="checkthetitle" time="0.0">
    <ignored/>
  </testcase> <!-- checkthetitle -->
  <testcase classname="MyTestCases" name="iframeexample" time="0.0">
    <ignored/>
  </testcase> <!-- iframeexample -->
  <testcase classname="MyTestCases" name="RadioButtonExample" time="0.0">
    <ignored/>
  </testcase> <!-- RadioButtonExample -->
  <testcase classname="MyTestCases" name="mousehoverexample" time="0.0">
    <ignored/>
  </testcase> <!-- mousehoverexample -->
  <testcase classname="MyTestCases" name="webtableexample" time="0.0">
    <ignored/>
  </testcase> <!-- webtableexample -->
</testsuite> <!-- Default test -->
