<?xml version="1.0" encoding="UTF-8"?>
<testng-results ignored="14" total="15" passed="1" failed="0" skipped="0">
  <reporter-output>
  </reporter-output>
  <suite started-at="2025-04-30T21:51:42 GST" name="Default suite" finished-at="2025-04-30T21:51:50 GST" duration-ms="7751">
    <groups>
    </groups>
    <test started-at="2025-04-30T21:51:42 GST" name="Default test" finished-at="2025-04-30T21:51:50 GST" duration-ms="7751">
      <class name="MyTestCases">
        <test-method is-config="true" signature="mysetup()[pri:0, instance:MyTestCases@1b2c4efb]" started-at="2025-04-30T21:51:42 GST" name="mysetup" finished-at="2025-04-30T21:51:49 GST" duration-ms="7117" status="PASS">
          <reporter-output>
          </reporter-output>
        </test-method> <!-- mysetup -->
        <test-method signature="downloadfile()[pri:15, instance:MyTestCases@1b2c4efb]" started-at="2025-04-30T21:51:49 GST" name="downloadfile" description="download file Example" finished-at="2025-04-30T21:51:50 GST" duration-ms="541" status="PASS">
          <reporter-output>
          </reporter-output>
        </test-method> <!-- downloadfile -->
      </class> <!-- MyTestCases -->
    </test> <!-- Default test -->
  </suite> <!-- Default suite -->
</testng-results>
